[2022-04-28 09:04:28] local.ERROR: Please provide a valid cache path. {"exception":"[object] (InvalidArgumentException(code: 0): Please provide a valid cache path. at /var/www/php/vendor/laravel/framework/src/Illuminate/View/Compilers/Compiler.php:53)
[stacktrace]
#0 /var/www/php/vendor/laravel/framework/src/Illuminate/View/ViewServiceProvider.php(92): Illuminate\\View\\Compilers\\Compiler->__construct(Object(Illuminate\\Filesystem\\Filesystem), false, '', true)
#1 /var/www/php/vendor/laravel/framework/src/Illuminate/Container/Container.php(873): Illuminate\\View\\ViewServiceProvider->Illuminate\\View\\{closure}(Object(Illuminate\\Foundation\\Application), Array)
#2 /var/www/php/vendor/laravel/framework/src/Illuminate/Container/Container.php(758): Illuminate\\Container\\Container->build(Object(Closure))
#3 /var/www/php/vendor/laravel/framework/src/Illuminate/Foundation/Application.php(855): Illuminate\\Container\\Container->resolve('blade.compiler', Array, true)
#4 /var/www/php/vendor/laravel/framework/src/Illuminate/Container/Container.php(694): Illuminate\\Foundation\\Application->resolve('blade.compiler', Array)
#5 /var/www/php/vendor/laravel/framework/src/Illuminate/Foundation/Application.php(840): Illuminate\\Container\\Container->make('blade.compiler', Array)
#6 /var/www/php/vendor/laravel/framework/src/Illuminate/Container/Container.php(1417): Illuminate\\Foundation\\Application->make('blade.compiler')
#7 /var/www/php/vendor/laravel/framework/src/Illuminate/Support/Facades/Facade.php(222): Illuminate\\Container\\Container->offsetGet('blade.compiler')
#8 /var/www/php/vendor/laravel/framework/src/Illuminate/Support/Facades/Facade.php(193): Illuminate\\Support\\Facades\\Facade::resolveFacadeInstance('blade.compiler')
#9 /var/www/php/vendor/laravel/framework/src/Illuminate/Support/Facades/Facade.php(331): Illuminate\\Support\\Facades\\Facade::getFacadeRoot()
#10 /var/www/php/vendor/spatie/laravel-ray/src/RayServiceProvider.php(232): Illuminate\\Support\\Facades\\Facade::__callStatic('directive', Array)
#11 /var/www/php/vendor/spatie/laravel-ray/src/RayServiceProvider.php(49): Spatie\\LaravelRay\\RayServiceProvider->registerBladeDirectives()
#12 /var/www/php/vendor/laravel/framework/src/Illuminate/Foundation/Application.php(686): Spatie\\LaravelRay\\RayServiceProvider->register()
#13 /var/www/php/vendor/laravel/framework/src/Illuminate/Foundation/ProviderRepository.php(75): Illuminate\\Foundation\\Application->register(Object(Spatie\\LaravelRay\\RayServiceProvider))
#14 /var/www/php/vendor/laravel/framework/src/Illuminate/Foundation/Application.php(663): Illuminate\\Foundation\\ProviderRepository->load(Array)
#15 /var/www/php/vendor/laravel/framework/src/Illuminate/Foundation/Bootstrap/RegisterProviders.php(17): Illuminate\\Foundation\\Application->registerConfiguredProviders()
#16 /var/www/php/vendor/laravel/framework/src/Illuminate/Foundation/Application.php(239): Illuminate\\Foundation\\Bootstrap\\RegisterProviders->bootstrap(Object(Illuminate\\Foundation\\Application))
#17 /var/www/php/vendor/laravel/framework/src/Illuminate/Foundation/Console/Kernel.php(310): Illuminate\\Foundation\\Application->bootstrapWith(Array)
#18 /var/www/php/vendor/laravel/framework/src/Illuminate/Foundation/Console/Kernel.php(127): Illuminate\\Foundation\\Console\\Kernel->bootstrap()
#19 /var/www/php/artisan(37): Illuminate\\Foundation\\Console\\Kernel->handle(Object(Symfony\\Component\\Console\\Input\\ArgvInput), Object(Symfony\\Component\\Console\\Output\\ConsoleOutput))
#20 {main}
"} 
[2022-04-28 09:04:52] local.ERROR: Please provide a valid cache path. {"exception":"[object] (InvalidArgumentException(code: 0): Please provide a valid cache path. at /var/www/php/vendor/laravel/framework/src/Illuminate/View/Compilers/Compiler.php:53)
[stacktrace]
#0 /var/www/php/vendor/laravel/framework/src/Illuminate/View/ViewServiceProvider.php(92): Illuminate\\View\\Compilers\\Compiler->__construct(Object(Illuminate\\Filesystem\\Filesystem), false, '', true)
#1 /var/www/php/vendor/laravel/framework/src/Illuminate/Container/Container.php(873): Illuminate\\View\\ViewServiceProvider->Illuminate\\View\\{closure}(Object(Illuminate\\Foundation\\Application), Array)
#2 /var/www/php/vendor/laravel/framework/src/Illuminate/Container/Container.php(758): Illuminate\\Container\\Container->build(Object(Closure))
#3 /var/www/php/vendor/laravel/framework/src/Illuminate/Foundation/Application.php(855): Illuminate\\Container\\Container->resolve('blade.compiler', Array, true)
#4 /var/www/php/vendor/laravel/framework/src/Illuminate/Container/Container.php(694): Illuminate\\Foundation\\Application->resolve('blade.compiler', Array)
#5 /var/www/php/vendor/laravel/framework/src/Illuminate/Foundation/Application.php(840): Illuminate\\Container\\Container->make('blade.compiler', Array)
#6 /var/www/php/vendor/laravel/framework/src/Illuminate/Container/Container.php(1417): Illuminate\\Foundation\\Application->make('blade.compiler')
#7 /var/www/php/vendor/laravel/framework/src/Illuminate/Support/Facades/Facade.php(222): Illuminate\\Container\\Container->offsetGet('blade.compiler')
#8 /var/www/php/vendor/laravel/framework/src/Illuminate/Support/Facades/Facade.php(193): Illuminate\\Support\\Facades\\Facade::resolveFacadeInstance('blade.compiler')
#9 /var/www/php/vendor/laravel/framework/src/Illuminate/Support/Facades/Facade.php(331): Illuminate\\Support\\Facades\\Facade::getFacadeRoot()
#10 /var/www/php/vendor/spatie/laravel-ray/src/RayServiceProvider.php(232): Illuminate\\Support\\Facades\\Facade::__callStatic('directive', Array)
#11 /var/www/php/vendor/spatie/laravel-ray/src/RayServiceProvider.php(49): Spatie\\LaravelRay\\RayServiceProvider->registerBladeDirectives()
#12 /var/www/php/vendor/laravel/framework/src/Illuminate/Foundation/Application.php(686): Spatie\\LaravelRay\\RayServiceProvider->register()
#13 /var/www/php/vendor/laravel/framework/src/Illuminate/Foundation/ProviderRepository.php(75): Illuminate\\Foundation\\Application->register(Object(Spatie\\LaravelRay\\RayServiceProvider))
#14 /var/www/php/vendor/laravel/framework/src/Illuminate/Foundation/Application.php(663): Illuminate\\Foundation\\ProviderRepository->load(Array)
#15 /var/www/php/vendor/laravel/framework/src/Illuminate/Foundation/Bootstrap/RegisterProviders.php(17): Illuminate\\Foundation\\Application->registerConfiguredProviders()
#16 /var/www/php/vendor/laravel/framework/src/Illuminate/Foundation/Application.php(239): Illuminate\\Foundation\\Bootstrap\\RegisterProviders->bootstrap(Object(Illuminate\\Foundation\\Application))
#17 /var/www/php/vendor/laravel/framework/src/Illuminate/Foundation/Console/Kernel.php(310): Illuminate\\Foundation\\Application->bootstrapWith(Array)
#18 /var/www/php/vendor/laravel/framework/src/Illuminate/Foundation/Console/Kernel.php(127): Illuminate\\Foundation\\Console\\Kernel->bootstrap()
#19 /var/www/php/artisan(37): Illuminate\\Foundation\\Console\\Kernel->handle(Object(Symfony\\Component\\Console\\Input\\ArgvInput), Object(Symfony\\Component\\Console\\Output\\ConsoleOutput))
#20 {main}
"} 
[2022-04-28 09:05:32] local.ERROR: Please provide a valid cache path. {"exception":"[object] (InvalidArgumentException(code: 0): Please provide a valid cache path. at /var/www/php/vendor/laravel/framework/src/Illuminate/View/Compilers/Compiler.php:53)
[stacktrace]
#0 /var/www/php/vendor/laravel/framework/src/Illuminate/View/ViewServiceProvider.php(92): Illuminate\\View\\Compilers\\Compiler->__construct(Object(Illuminate\\Filesystem\\Filesystem), false, '', true)
#1 /var/www/php/vendor/laravel/framework/src/Illuminate/Container/Container.php(873): Illuminate\\View\\ViewServiceProvider->Illuminate\\View\\{closure}(Object(Illuminate\\Foundation\\Application), Array)
#2 /var/www/php/vendor/laravel/framework/src/Illuminate/Container/Container.php(758): Illuminate\\Container\\Container->build(Object(Closure))
#3 /var/www/php/vendor/laravel/framework/src/Illuminate/Foundation/Application.php(855): Illuminate\\Container\\Container->resolve('blade.compiler', Array, true)
#4 /var/www/php/vendor/laravel/framework/src/Illuminate/Container/Container.php(694): Illuminate\\Foundation\\Application->resolve('blade.compiler', Array)
#5 /var/www/php/vendor/laravel/framework/src/Illuminate/Foundation/Application.php(840): Illuminate\\Container\\Container->make('blade.compiler', Array)
#6 /var/www/php/vendor/laravel/framework/src/Illuminate/Container/Container.php(1417): Illuminate\\Foundation\\Application->make('blade.compiler')
#7 /var/www/php/vendor/laravel/framework/src/Illuminate/Support/Facades/Facade.php(222): Illuminate\\Container\\Container->offsetGet('blade.compiler')
#8 /var/www/php/vendor/laravel/framework/src/Illuminate/Support/Facades/Facade.php(193): Illuminate\\Support\\Facades\\Facade::resolveFacadeInstance('blade.compiler')
#9 /var/www/php/vendor/laravel/framework/src/Illuminate/Support/Facades/Facade.php(331): Illuminate\\Support\\Facades\\Facade::getFacadeRoot()
#10 /var/www/php/vendor/spatie/laravel-ray/src/RayServiceProvider.php(232): Illuminate\\Support\\Facades\\Facade::__callStatic('directive', Array)
#11 /var/www/php/vendor/spatie/laravel-ray/src/RayServiceProvider.php(49): Spatie\\LaravelRay\\RayServiceProvider->registerBladeDirectives()
#12 /var/www/php/vendor/laravel/framework/src/Illuminate/Foundation/Application.php(686): Spatie\\LaravelRay\\RayServiceProvider->register()
#13 /var/www/php/vendor/laravel/framework/src/Illuminate/Foundation/ProviderRepository.php(75): Illuminate\\Foundation\\Application->register(Object(Spatie\\LaravelRay\\RayServiceProvider))
#14 /var/www/php/vendor/laravel/framework/src/Illuminate/Foundation/Application.php(663): Illuminate\\Foundation\\ProviderRepository->load(Array)
#15 /var/www/php/vendor/laravel/framework/src/Illuminate/Foundation/Bootstrap/RegisterProviders.php(17): Illuminate\\Foundation\\Application->registerConfiguredProviders()
#16 /var/www/php/vendor/laravel/framework/src/Illuminate/Foundation/Application.php(239): Illuminate\\Foundation\\Bootstrap\\RegisterProviders->bootstrap(Object(Illuminate\\Foundation\\Application))
#17 /var/www/php/vendor/laravel/framework/src/Illuminate/Foundation/Console/Kernel.php(310): Illuminate\\Foundation\\Application->bootstrapWith(Array)
#18 /var/www/php/vendor/laravel/framework/src/Illuminate/Foundation/Console/Kernel.php(127): Illuminate\\Foundation\\Console\\Kernel->bootstrap()
#19 /var/www/php/artisan(37): Illuminate\\Foundation\\Console\\Kernel->handle(Object(Symfony\\Component\\Console\\Input\\ArgvInput), Object(Symfony\\Component\\Console\\Output\\ConsoleOutput))
#20 {main}
"} 
[2022-04-28 09:06:18] local.ERROR: Please provide a valid cache path. {"exception":"[object] (InvalidArgumentException(code: 0): Please provide a valid cache path. at /var/www/php/vendor/laravel/framework/src/Illuminate/View/Compilers/Compiler.php:53)
[stacktrace]
#0 /var/www/php/vendor/laravel/framework/src/Illuminate/View/ViewServiceProvider.php(92): Illuminate\\View\\Compilers\\Compiler->__construct(Object(Illuminate\\Filesystem\\Filesystem), false, '', true)
#1 /var/www/php/vendor/laravel/framework/src/Illuminate/Container/Container.php(873): Illuminate\\View\\ViewServiceProvider->Illuminate\\View\\{closure}(Object(Illuminate\\Foundation\\Application), Array)
#2 /var/www/php/vendor/laravel/framework/src/Illuminate/Container/Container.php(758): Illuminate\\Container\\Container->build(Object(Closure))
#3 /var/www/php/vendor/laravel/framework/src/Illuminate/Foundation/Application.php(855): Illuminate\\Container\\Container->resolve('blade.compiler', Array, true)
#4 /var/www/php/vendor/laravel/framework/src/Illuminate/Container/Container.php(694): Illuminate\\Foundation\\Application->resolve('blade.compiler', Array)
#5 /var/www/php/vendor/laravel/framework/src/Illuminate/Foundation/Application.php(840): Illuminate\\Container\\Container->make('blade.compiler', Array)
#6 /var/www/php/vendor/laravel/framework/src/Illuminate/Container/Container.php(1417): Illuminate\\Foundation\\Application->make('blade.compiler')
#7 /var/www/php/vendor/laravel/framework/src/Illuminate/Support/Facades/Facade.php(222): Illuminate\\Container\\Container->offsetGet('blade.compiler')
#8 /var/www/php/vendor/laravel/framework/src/Illuminate/Support/Facades/Facade.php(193): Illuminate\\Support\\Facades\\Facade::resolveFacadeInstance('blade.compiler')
#9 /var/www/php/vendor/laravel/framework/src/Illuminate/Support/Facades/Facade.php(331): Illuminate\\Support\\Facades\\Facade::getFacadeRoot()
#10 /var/www/php/vendor/spatie/laravel-ray/src/RayServiceProvider.php(232): Illuminate\\Support\\Facades\\Facade::__callStatic('directive', Array)
#11 /var/www/php/vendor/spatie/laravel-ray/src/RayServiceProvider.php(49): Spatie\\LaravelRay\\RayServiceProvider->registerBladeDirectives()
#12 /var/www/php/vendor/laravel/framework/src/Illuminate/Foundation/Application.php(686): Spatie\\LaravelRay\\RayServiceProvider->register()
#13 /var/www/php/vendor/laravel/framework/src/Illuminate/Foundation/ProviderRepository.php(75): Illuminate\\Foundation\\Application->register(Object(Spatie\\LaravelRay\\RayServiceProvider))
#14 /var/www/php/vendor/laravel/framework/src/Illuminate/Foundation/Application.php(663): Illuminate\\Foundation\\ProviderRepository->load(Array)
#15 /var/www/php/vendor/laravel/framework/src/Illuminate/Foundation/Bootstrap/RegisterProviders.php(17): Illuminate\\Foundation\\Application->registerConfiguredProviders()
#16 /var/www/php/vendor/laravel/framework/src/Illuminate/Foundation/Application.php(239): Illuminate\\Foundation\\Bootstrap\\RegisterProviders->bootstrap(Object(Illuminate\\Foundation\\Application))
#17 /var/www/php/vendor/laravel/framework/src/Illuminate/Foundation/Console/Kernel.php(310): Illuminate\\Foundation\\Application->bootstrapWith(Array)
#18 /var/www/php/vendor/laravel/framework/src/Illuminate/Foundation/Console/Kernel.php(127): Illuminate\\Foundation\\Console\\Kernel->bootstrap()
#19 /var/www/php/artisan(37): Illuminate\\Foundation\\Console\\Kernel->handle(Object(Symfony\\Component\\Console\\Input\\ArgvInput), Object(Symfony\\Component\\Console\\Output\\ConsoleOutput))
#20 {main}
"} 
[2022-04-28 09:06:53] local.ERROR: Please provide a valid cache path. {"exception":"[object] (InvalidArgumentException(code: 0): Please provide a valid cache path. at /var/www/php/vendor/laravel/framework/src/Illuminate/View/Compilers/Compiler.php:53)
[stacktrace]
#0 /var/www/php/vendor/laravel/framework/src/Illuminate/View/ViewServiceProvider.php(92): Illuminate\\View\\Compilers\\Compiler->__construct(Object(Illuminate\\Filesystem\\Filesystem), false, '', true)
#1 /var/www/php/vendor/laravel/framework/src/Illuminate/Container/Container.php(873): Illuminate\\View\\ViewServiceProvider->Illuminate\\View\\{closure}(Object(Illuminate\\Foundation\\Application), Array)
#2 /var/www/php/vendor/laravel/framework/src/Illuminate/Container/Container.php(758): Illuminate\\Container\\Container->build(Object(Closure))
#3 /var/www/php/vendor/laravel/framework/src/Illuminate/Foundation/Application.php(855): Illuminate\\Container\\Container->resolve('blade.compiler', Array, true)
#4 /var/www/php/vendor/laravel/framework/src/Illuminate/Container/Container.php(694): Illuminate\\Foundation\\Application->resolve('blade.compiler', Array)
#5 /var/www/php/vendor/laravel/framework/src/Illuminate/Foundation/Application.php(840): Illuminate\\Container\\Container->make('blade.compiler', Array)
#6 /var/www/php/vendor/laravel/framework/src/Illuminate/Container/Container.php(1417): Illuminate\\Foundation\\Application->make('blade.compiler')
#7 /var/www/php/vendor/laravel/framework/src/Illuminate/Support/Facades/Facade.php(222): Illuminate\\Container\\Container->offsetGet('blade.compiler')
#8 /var/www/php/vendor/laravel/framework/src/Illuminate/Support/Facades/Facade.php(193): Illuminate\\Support\\Facades\\Facade::resolveFacadeInstance('blade.compiler')
#9 /var/www/php/vendor/laravel/framework/src/Illuminate/Support/Facades/Facade.php(331): Illuminate\\Support\\Facades\\Facade::getFacadeRoot()
#10 /var/www/php/vendor/spatie/laravel-ray/src/RayServiceProvider.php(232): Illuminate\\Support\\Facades\\Facade::__callStatic('directive', Array)
#11 /var/www/php/vendor/spatie/laravel-ray/src/RayServiceProvider.php(49): Spatie\\LaravelRay\\RayServiceProvider->registerBladeDirectives()
#12 /var/www/php/vendor/laravel/framework/src/Illuminate/Foundation/Application.php(686): Spatie\\LaravelRay\\RayServiceProvider->register()
#13 /var/www/php/vendor/laravel/framework/src/Illuminate/Foundation/ProviderRepository.php(75): Illuminate\\Foundation\\Application->register(Object(Spatie\\LaravelRay\\RayServiceProvider))
#14 /var/www/php/vendor/laravel/framework/src/Illuminate/Foundation/Application.php(663): Illuminate\\Foundation\\ProviderRepository->load(Array)
#15 /var/www/php/vendor/laravel/framework/src/Illuminate/Foundation/Bootstrap/RegisterProviders.php(17): Illuminate\\Foundation\\Application->registerConfiguredProviders()
#16 /var/www/php/vendor/laravel/framework/src/Illuminate/Foundation/Application.php(239): Illuminate\\Foundation\\Bootstrap\\RegisterProviders->bootstrap(Object(Illuminate\\Foundation\\Application))
#17 /var/www/php/vendor/laravel/framework/src/Illuminate/Foundation/Console/Kernel.php(310): Illuminate\\Foundation\\Application->bootstrapWith(Array)
#18 /var/www/php/vendor/laravel/framework/src/Illuminate/Foundation/Console/Kernel.php(127): Illuminate\\Foundation\\Console\\Kernel->bootstrap()
#19 /var/www/php/artisan(37): Illuminate\\Foundation\\Console\\Kernel->handle(Object(Symfony\\Component\\Console\\Input\\ArgvInput), Object(Symfony\\Component\\Console\\Output\\ConsoleOutput))
#20 {main}
"} 
[2022-04-28 09:07:43] local.ERROR: Please provide a valid cache path. {"exception":"[object] (InvalidArgumentException(code: 0): Please provide a valid cache path. at /var/www/php/vendor/laravel/framework/src/Illuminate/View/Compilers/Compiler.php:53)
[stacktrace]
#0 /var/www/php/vendor/laravel/framework/src/Illuminate/View/ViewServiceProvider.php(92): Illuminate\\View\\Compilers\\Compiler->__construct(Object(Illuminate\\Filesystem\\Filesystem), false, '', true)
#1 /var/www/php/vendor/laravel/framework/src/Illuminate/Container/Container.php(873): Illuminate\\View\\ViewServiceProvider->Illuminate\\View\\{closure}(Object(Illuminate\\Foundation\\Application), Array)
#2 /var/www/php/vendor/laravel/framework/src/Illuminate/Container/Container.php(758): Illuminate\\Container\\Container->build(Object(Closure))
#3 /var/www/php/vendor/laravel/framework/src/Illuminate/Foundation/Application.php(855): Illuminate\\Container\\Container->resolve('blade.compiler', Array, true)
#4 /var/www/php/vendor/laravel/framework/src/Illuminate/Container/Container.php(694): Illuminate\\Foundation\\Application->resolve('blade.compiler', Array)
#5 /var/www/php/vendor/laravel/framework/src/Illuminate/Foundation/Application.php(840): Illuminate\\Container\\Container->make('blade.compiler', Array)
#6 /var/www/php/vendor/laravel/framework/src/Illuminate/Container/Container.php(1417): Illuminate\\Foundation\\Application->make('blade.compiler')
#7 /var/www/php/vendor/laravel/framework/src/Illuminate/Support/Facades/Facade.php(222): Illuminate\\Container\\Container->offsetGet('blade.compiler')
#8 /var/www/php/vendor/laravel/framework/src/Illuminate/Support/Facades/Facade.php(193): Illuminate\\Support\\Facades\\Facade::resolveFacadeInstance('blade.compiler')
#9 /var/www/php/vendor/laravel/framework/src/Illuminate/Support/Facades/Facade.php(331): Illuminate\\Support\\Facades\\Facade::getFacadeRoot()
#10 /var/www/php/vendor/spatie/laravel-ray/src/RayServiceProvider.php(232): Illuminate\\Support\\Facades\\Facade::__callStatic('directive', Array)
#11 /var/www/php/vendor/spatie/laravel-ray/src/RayServiceProvider.php(49): Spatie\\LaravelRay\\RayServiceProvider->registerBladeDirectives()
#12 /var/www/php/vendor/laravel/framework/src/Illuminate/Foundation/Application.php(686): Spatie\\LaravelRay\\RayServiceProvider->register()
#13 /var/www/php/vendor/laravel/framework/src/Illuminate/Foundation/ProviderRepository.php(75): Illuminate\\Foundation\\Application->register(Object(Spatie\\LaravelRay\\RayServiceProvider))
#14 /var/www/php/vendor/laravel/framework/src/Illuminate/Foundation/Application.php(663): Illuminate\\Foundation\\ProviderRepository->load(Array)
#15 /var/www/php/vendor/laravel/framework/src/Illuminate/Foundation/Bootstrap/RegisterProviders.php(17): Illuminate\\Foundation\\Application->registerConfiguredProviders()
#16 /var/www/php/vendor/laravel/framework/src/Illuminate/Foundation/Application.php(239): Illuminate\\Foundation\\Bootstrap\\RegisterProviders->bootstrap(Object(Illuminate\\Foundation\\Application))
#17 /var/www/php/vendor/laravel/framework/src/Illuminate/Foundation/Console/Kernel.php(310): Illuminate\\Foundation\\Application->bootstrapWith(Array)
#18 /var/www/php/vendor/laravel/framework/src/Illuminate/Foundation/Console/Kernel.php(127): Illuminate\\Foundation\\Console\\Kernel->bootstrap()
#19 /var/www/php/artisan(37): Illuminate\\Foundation\\Console\\Kernel->handle(Object(Symfony\\Component\\Console\\Input\\ArgvInput), Object(Symfony\\Component\\Console\\Output\\ConsoleOutput))
#20 {main}
"} 
[2022-04-28 09:08:14] local.ERROR: Please provide a valid cache path. {"exception":"[object] (InvalidArgumentException(code: 0): Please provide a valid cache path. at /var/www/php/vendor/laravel/framework/src/Illuminate/View/Compilers/Compiler.php:53)
[stacktrace]
#0 /var/www/php/vendor/laravel/framework/src/Illuminate/View/ViewServiceProvider.php(92): Illuminate\\View\\Compilers\\Compiler->__construct(Object(Illuminate\\Filesystem\\Filesystem), false, '', true)
#1 /var/www/php/vendor/laravel/framework/src/Illuminate/Container/Container.php(873): Illuminate\\View\\ViewServiceProvider->Illuminate\\View\\{closure}(Object(Illuminate\\Foundation\\Application), Array)
#2 /var/www/php/vendor/laravel/framework/src/Illuminate/Container/Container.php(758): Illuminate\\Container\\Container->build(Object(Closure))
#3 /var/www/php/vendor/laravel/framework/src/Illuminate/Foundation/Application.php(855): Illuminate\\Container\\Container->resolve('blade.compiler', Array, true)
#4 /var/www/php/vendor/laravel/framework/src/Illuminate/Container/Container.php(694): Illuminate\\Foundation\\Application->resolve('blade.compiler', Array)
#5 /var/www/php/vendor/laravel/framework/src/Illuminate/Foundation/Application.php(840): Illuminate\\Container\\Container->make('blade.compiler', Array)
#6 /var/www/php/vendor/laravel/framework/src/Illuminate/Container/Container.php(1417): Illuminate\\Foundation\\Application->make('blade.compiler')
#7 /var/www/php/vendor/laravel/framework/src/Illuminate/Support/Facades/Facade.php(222): Illuminate\\Container\\Container->offsetGet('blade.compiler')
#8 /var/www/php/vendor/laravel/framework/src/Illuminate/Support/Facades/Facade.php(193): Illuminate\\Support\\Facades\\Facade::resolveFacadeInstance('blade.compiler')
#9 /var/www/php/vendor/laravel/framework/src/Illuminate/Support/Facades/Facade.php(331): Illuminate\\Support\\Facades\\Facade::getFacadeRoot()
#10 /var/www/php/vendor/spatie/laravel-ray/src/RayServiceProvider.php(232): Illuminate\\Support\\Facades\\Facade::__callStatic('directive', Array)
#11 /var/www/php/vendor/spatie/laravel-ray/src/RayServiceProvider.php(49): Spatie\\LaravelRay\\RayServiceProvider->registerBladeDirectives()
#12 /var/www/php/vendor/laravel/framework/src/Illuminate/Foundation/Application.php(686): Spatie\\LaravelRay\\RayServiceProvider->register()
#13 /var/www/php/vendor/laravel/framework/src/Illuminate/Foundation/ProviderRepository.php(75): Illuminate\\Foundation\\Application->register(Object(Spatie\\LaravelRay\\RayServiceProvider))
#14 /var/www/php/vendor/laravel/framework/src/Illuminate/Foundation/Application.php(663): Illuminate\\Foundation\\ProviderRepository->load(Array)
#15 /var/www/php/vendor/laravel/framework/src/Illuminate/Foundation/Bootstrap/RegisterProviders.php(17): Illuminate\\Foundation\\Application->registerConfiguredProviders()
#16 /var/www/php/vendor/laravel/framework/src/Illuminate/Foundation/Application.php(239): Illuminate\\Foundation\\Bootstrap\\RegisterProviders->bootstrap(Object(Illuminate\\Foundation\\Application))
#17 /var/www/php/vendor/laravel/framework/src/Illuminate/Foundation/Console/Kernel.php(310): Illuminate\\Foundation\\Application->bootstrapWith(Array)
#18 /var/www/php/vendor/laravel/framework/src/Illuminate/Foundation/Console/Kernel.php(127): Illuminate\\Foundation\\Console\\Kernel->bootstrap()
#19 /var/www/php/artisan(37): Illuminate\\Foundation\\Console\\Kernel->handle(Object(Symfony\\Component\\Console\\Input\\ArgvInput), Object(Symfony\\Component\\Console\\Output\\ConsoleOutput))
#20 {main}
"} 
[2022-04-28 09:12:03] local.ERROR: Please provide a valid cache path. {"exception":"[object] (InvalidArgumentException(code: 0): Please provide a valid cache path. at /var/www/php/vendor/laravel/framework/src/Illuminate/View/Compilers/Compiler.php:53)
[stacktrace]
#0 /var/www/php/vendor/laravel/framework/src/Illuminate/View/ViewServiceProvider.php(92): Illuminate\\View\\Compilers\\Compiler->__construct(Object(Illuminate\\Filesystem\\Filesystem), false, '', true)
#1 /var/www/php/vendor/laravel/framework/src/Illuminate/Container/Container.php(873): Illuminate\\View\\ViewServiceProvider->Illuminate\\View\\{closure}(Object(Illuminate\\Foundation\\Application), Array)
#2 /var/www/php/vendor/laravel/framework/src/Illuminate/Container/Container.php(758): Illuminate\\Container\\Container->build(Object(Closure))
#3 /var/www/php/vendor/laravel/framework/src/Illuminate/Foundation/Application.php(855): Illuminate\\Container\\Container->resolve('blade.compiler', Array, true)
#4 /var/www/php/vendor/laravel/framework/src/Illuminate/Container/Container.php(694): Illuminate\\Foundation\\Application->resolve('blade.compiler', Array)
#5 /var/www/php/vendor/laravel/framework/src/Illuminate/Foundation/Application.php(840): Illuminate\\Container\\Container->make('blade.compiler', Array)
#6 /var/www/php/vendor/laravel/framework/src/Illuminate/Container/Container.php(1417): Illuminate\\Foundation\\Application->make('blade.compiler')
#7 /var/www/php/vendor/laravel/framework/src/Illuminate/Support/Facades/Facade.php(222): Illuminate\\Container\\Container->offsetGet('blade.compiler')
#8 /var/www/php/vendor/laravel/framework/src/Illuminate/Support/Facades/Facade.php(193): Illuminate\\Support\\Facades\\Facade::resolveFacadeInstance('blade.compiler')
#9 /var/www/php/vendor/laravel/framework/src/Illuminate/Support/Facades/Facade.php(331): Illuminate\\Support\\Facades\\Facade::getFacadeRoot()
#10 /var/www/php/vendor/spatie/laravel-ray/src/RayServiceProvider.php(232): Illuminate\\Support\\Facades\\Facade::__callStatic('directive', Array)
#11 /var/www/php/vendor/spatie/laravel-ray/src/RayServiceProvider.php(49): Spatie\\LaravelRay\\RayServiceProvider->registerBladeDirectives()
#12 /var/www/php/vendor/laravel/framework/src/Illuminate/Foundation/Application.php(686): Spatie\\LaravelRay\\RayServiceProvider->register()
#13 /var/www/php/vendor/laravel/framework/src/Illuminate/Foundation/ProviderRepository.php(75): Illuminate\\Foundation\\Application->register(Object(Spatie\\LaravelRay\\RayServiceProvider))
#14 /var/www/php/vendor/laravel/framework/src/Illuminate/Foundation/Application.php(663): Illuminate\\Foundation\\ProviderRepository->load(Array)
#15 /var/www/php/vendor/laravel/framework/src/Illuminate/Foundation/Bootstrap/RegisterProviders.php(17): Illuminate\\Foundation\\Application->registerConfiguredProviders()
#16 /var/www/php/vendor/laravel/framework/src/Illuminate/Foundation/Application.php(239): Illuminate\\Foundation\\Bootstrap\\RegisterProviders->bootstrap(Object(Illuminate\\Foundation\\Application))
#17 /var/www/php/vendor/laravel/framework/src/Illuminate/Foundation/Console/Kernel.php(310): Illuminate\\Foundation\\Application->bootstrapWith(Array)
#18 /var/www/php/vendor/laravel/framework/src/Illuminate/Foundation/Console/Kernel.php(127): Illuminate\\Foundation\\Console\\Kernel->bootstrap()
#19 /var/www/php/artisan(37): Illuminate\\Foundation\\Console\\Kernel->handle(Object(Symfony\\Component\\Console\\Input\\ArgvInput), Object(Symfony\\Component\\Console\\Output\\ConsoleOutput))
#20 {main}
"} 
[2022-04-28 09:12:03] local.ERROR: Please provide a valid cache path. {"exception":"[object] (InvalidArgumentException(code: 0): Please provide a valid cache path. at /var/www/php/vendor/laravel/framework/src/Illuminate/View/Compilers/Compiler.php:53)
[stacktrace]
#0 /var/www/php/vendor/laravel/framework/src/Illuminate/View/ViewServiceProvider.php(92): Illuminate\\View\\Compilers\\Compiler->__construct(Object(Illuminate\\Filesystem\\Filesystem), false, '', true)
#1 /var/www/php/vendor/laravel/framework/src/Illuminate/Container/Container.php(873): Illuminate\\View\\ViewServiceProvider->Illuminate\\View\\{closure}(Object(Illuminate\\Foundation\\Application), Array)
#2 /var/www/php/vendor/laravel/framework/src/Illuminate/Container/Container.php(758): Illuminate\\Container\\Container->build(Object(Closure))
#3 /var/www/php/vendor/laravel/framework/src/Illuminate/Foundation/Application.php(855): Illuminate\\Container\\Container->resolve('blade.compiler', Array, true)
#4 /var/www/php/vendor/laravel/framework/src/Illuminate/Container/Container.php(694): Illuminate\\Foundation\\Application->resolve('blade.compiler', Array)
#5 /var/www/php/vendor/laravel/framework/src/Illuminate/Foundation/Application.php(840): Illuminate\\Container\\Container->make('blade.compiler', Array)
#6 /var/www/php/vendor/laravel/framework/src/Illuminate/Container/Container.php(1417): Illuminate\\Foundation\\Application->make('blade.compiler')
#7 /var/www/php/vendor/laravel/framework/src/Illuminate/Support/Facades/Facade.php(222): Illuminate\\Container\\Container->offsetGet('blade.compiler')
#8 /var/www/php/vendor/laravel/framework/src/Illuminate/Support/Facades/Facade.php(193): Illuminate\\Support\\Facades\\Facade::resolveFacadeInstance('blade.compiler')
#9 /var/www/php/vendor/laravel/framework/src/Illuminate/Support/Facades/Facade.php(331): Illuminate\\Support\\Facades\\Facade::getFacadeRoot()
#10 /var/www/php/vendor/spatie/laravel-ray/src/RayServiceProvider.php(232): Illuminate\\Support\\Facades\\Facade::__callStatic('directive', Array)
#11 /var/www/php/vendor/spatie/laravel-ray/src/RayServiceProvider.php(49): Spatie\\LaravelRay\\RayServiceProvider->registerBladeDirectives()
#12 /var/www/php/vendor/laravel/framework/src/Illuminate/Foundation/Application.php(686): Spatie\\LaravelRay\\RayServiceProvider->register()
#13 /var/www/php/vendor/laravel/framework/src/Illuminate/Foundation/ProviderRepository.php(75): Illuminate\\Foundation\\Application->register(Object(Spatie\\LaravelRay\\RayServiceProvider))
#14 /var/www/php/vendor/laravel/framework/src/Illuminate/Foundation/Application.php(663): Illuminate\\Foundation\\ProviderRepository->load(Array)
#15 /var/www/php/vendor/laravel/framework/src/Illuminate/Foundation/Bootstrap/RegisterProviders.php(17): Illuminate\\Foundation\\Application->registerConfiguredProviders()
#16 /var/www/php/vendor/laravel/framework/src/Illuminate/Foundation/Application.php(239): Illuminate\\Foundation\\Bootstrap\\RegisterProviders->bootstrap(Object(Illuminate\\Foundation\\Application))
#17 /var/www/php/vendor/laravel/framework/src/Illuminate/Foundation/Console/Kernel.php(310): Illuminate\\Foundation\\Application->bootstrapWith(Array)
#18 /var/www/php/vendor/laravel/framework/src/Illuminate/Foundation/Console/Kernel.php(127): Illuminate\\Foundation\\Console\\Kernel->bootstrap()
#19 /var/www/php/artisan(37): Illuminate\\Foundation\\Console\\Kernel->handle(Object(Symfony\\Component\\Console\\Input\\ArgvInput), Object(Symfony\\Component\\Console\\Output\\ConsoleOutput))
#20 {main}
"} 
[2022-04-28 09:13:03] local.ERROR: Please provide a valid cache path. {"exception":"[object] (InvalidArgumentException(code: 0): Please provide a valid cache path. at /var/www/php/vendor/laravel/framework/src/Illuminate/View/Compilers/Compiler.php:53)
[stacktrace]
#0 /var/www/php/vendor/laravel/framework/src/Illuminate/View/ViewServiceProvider.php(92): Illuminate\\View\\Compilers\\Compiler->__construct(Object(Illuminate\\Filesystem\\Filesystem), false, '', true)
#1 /var/www/php/vendor/laravel/framework/src/Illuminate/Container/Container.php(873): Illuminate\\View\\ViewServiceProvider->Illuminate\\View\\{closure}(Object(Illuminate\\Foundation\\Application), Array)
#2 /var/www/php/vendor/laravel/framework/src/Illuminate/Container/Container.php(758): Illuminate\\Container\\Container->build(Object(Closure))
#3 /var/www/php/vendor/laravel/framework/src/Illuminate/Foundation/Application.php(855): Illuminate\\Container\\Container->resolve('blade.compiler', Array, true)
#4 /var/www/php/vendor/laravel/framework/src/Illuminate/Container/Container.php(694): Illuminate\\Foundation\\Application->resolve('blade.compiler', Array)
#5 /var/www/php/vendor/laravel/framework/src/Illuminate/Foundation/Application.php(840): Illuminate\\Container\\Container->make('blade.compiler', Array)
#6 /var/www/php/vendor/laravel/framework/src/Illuminate/Container/Container.php(1417): Illuminate\\Foundation\\Application->make('blade.compiler')
#7 /var/www/php/vendor/laravel/framework/src/Illuminate/Support/Facades/Facade.php(222): Illuminate\\Container\\Container->offsetGet('blade.compiler')
#8 /var/www/php/vendor/laravel/framework/src/Illuminate/Support/Facades/Facade.php(193): Illuminate\\Support\\Facades\\Facade::resolveFacadeInstance('blade.compiler')
#9 /var/www/php/vendor/laravel/framework/src/Illuminate/Support/Facades/Facade.php(331): Illuminate\\Support\\Facades\\Facade::getFacadeRoot()
#10 /var/www/php/vendor/spatie/laravel-ray/src/RayServiceProvider.php(232): Illuminate\\Support\\Facades\\Facade::__callStatic('directive', Array)
#11 /var/www/php/vendor/spatie/laravel-ray/src/RayServiceProvider.php(49): Spatie\\LaravelRay\\RayServiceProvider->registerBladeDirectives()
#12 /var/www/php/vendor/laravel/framework/src/Illuminate/Foundation/Application.php(686): Spatie\\LaravelRay\\RayServiceProvider->register()
#13 /var/www/php/vendor/laravel/framework/src/Illuminate/Foundation/ProviderRepository.php(75): Illuminate\\Foundation\\Application->register(Object(Spatie\\LaravelRay\\RayServiceProvider))
#14 /var/www/php/vendor/laravel/framework/src/Illuminate/Foundation/Application.php(663): Illuminate\\Foundation\\ProviderRepository->load(Array)
#15 /var/www/php/vendor/laravel/framework/src/Illuminate/Foundation/Bootstrap/RegisterProviders.php(17): Illuminate\\Foundation\\Application->registerConfiguredProviders()
#16 /var/www/php/vendor/laravel/framework/src/Illuminate/Foundation/Application.php(239): Illuminate\\Foundation\\Bootstrap\\RegisterProviders->bootstrap(Object(Illuminate\\Foundation\\Application))
#17 /var/www/php/vendor/laravel/framework/src/Illuminate/Foundation/Console/Kernel.php(310): Illuminate\\Foundation\\Application->bootstrapWith(Array)
#18 /var/www/php/vendor/laravel/framework/src/Illuminate/Foundation/Console/Kernel.php(127): Illuminate\\Foundation\\Console\\Kernel->bootstrap()
#19 /var/www/php/artisan(37): Illuminate\\Foundation\\Console\\Kernel->handle(Object(Symfony\\Component\\Console\\Input\\ArgvInput), Object(Symfony\\Component\\Console\\Output\\ConsoleOutput))
#20 {main}
"} 
[2022-04-28 09:13:04] local.ERROR: Please provide a valid cache path. {"exception":"[object] (InvalidArgumentException(code: 0): Please provide a valid cache path. at /var/www/php/vendor/laravel/framework/src/Illuminate/View/Compilers/Compiler.php:53)
[stacktrace]
#0 /var/www/php/vendor/laravel/framework/src/Illuminate/View/ViewServiceProvider.php(92): Illuminate\\View\\Compilers\\Compiler->__construct(Object(Illuminate\\Filesystem\\Filesystem), false, '', true)
#1 /var/www/php/vendor/laravel/framework/src/Illuminate/Container/Container.php(873): Illuminate\\View\\ViewServiceProvider->Illuminate\\View\\{closure}(Object(Illuminate\\Foundation\\Application), Array)
#2 /var/www/php/vendor/laravel/framework/src/Illuminate/Container/Container.php(758): Illuminate\\Container\\Container->build(Object(Closure))
#3 /var/www/php/vendor/laravel/framework/src/Illuminate/Foundation/Application.php(855): Illuminate\\Container\\Container->resolve('blade.compiler', Array, true)
#4 /var/www/php/vendor/laravel/framework/src/Illuminate/Container/Container.php(694): Illuminate\\Foundation\\Application->resolve('blade.compiler', Array)
#5 /var/www/php/vendor/laravel/framework/src/Illuminate/Foundation/Application.php(840): Illuminate\\Container\\Container->make('blade.compiler', Array)
#6 /var/www/php/vendor/laravel/framework/src/Illuminate/Container/Container.php(1417): Illuminate\\Foundation\\Application->make('blade.compiler')
#7 /var/www/php/vendor/laravel/framework/src/Illuminate/Support/Facades/Facade.php(222): Illuminate\\Container\\Container->offsetGet('blade.compiler')
#8 /var/www/php/vendor/laravel/framework/src/Illuminate/Support/Facades/Facade.php(193): Illuminate\\Support\\Facades\\Facade::resolveFacadeInstance('blade.compiler')
#9 /var/www/php/vendor/laravel/framework/src/Illuminate/Support/Facades/Facade.php(331): Illuminate\\Support\\Facades\\Facade::getFacadeRoot()
#10 /var/www/php/vendor/spatie/laravel-ray/src/RayServiceProvider.php(232): Illuminate\\Support\\Facades\\Facade::__callStatic('directive', Array)
#11 /var/www/php/vendor/spatie/laravel-ray/src/RayServiceProvider.php(49): Spatie\\LaravelRay\\RayServiceProvider->registerBladeDirectives()
#12 /var/www/php/vendor/laravel/framework/src/Illuminate/Foundation/Application.php(686): Spatie\\LaravelRay\\RayServiceProvider->register()
#13 /var/www/php/vendor/laravel/framework/src/Illuminate/Foundation/ProviderRepository.php(75): Illuminate\\Foundation\\Application->register(Object(Spatie\\LaravelRay\\RayServiceProvider))
#14 /var/www/php/vendor/laravel/framework/src/Illuminate/Foundation/Application.php(663): Illuminate\\Foundation\\ProviderRepository->load(Array)
#15 /var/www/php/vendor/laravel/framework/src/Illuminate/Foundation/Bootstrap/RegisterProviders.php(17): Illuminate\\Foundation\\Application->registerConfiguredProviders()
#16 /var/www/php/vendor/laravel/framework/src/Illuminate/Foundation/Application.php(239): Illuminate\\Foundation\\Bootstrap\\RegisterProviders->bootstrap(Object(Illuminate\\Foundation\\Application))
#17 /var/www/php/vendor/laravel/framework/src/Illuminate/Foundation/Console/Kernel.php(310): Illuminate\\Foundation\\Application->bootstrapWith(Array)
#18 /var/www/php/vendor/laravel/framework/src/Illuminate/Foundation/Console/Kernel.php(127): Illuminate\\Foundation\\Console\\Kernel->bootstrap()
#19 /var/www/php/artisan(37): Illuminate\\Foundation\\Console\\Kernel->handle(Object(Symfony\\Component\\Console\\Input\\ArgvInput), Object(Symfony\\Component\\Console\\Output\\ConsoleOutput))
#20 {main}
"} 
[2022-04-28 09:14:04] local.ERROR: Please provide a valid cache path. {"exception":"[object] (InvalidArgumentException(code: 0): Please provide a valid cache path. at /var/www/php/vendor/laravel/framework/src/Illuminate/View/Compilers/Compiler.php:53)
[stacktrace]
#0 /var/www/php/vendor/laravel/framework/src/Illuminate/View/ViewServiceProvider.php(92): Illuminate\\View\\Compilers\\Compiler->__construct(Object(Illuminate\\Filesystem\\Filesystem), false, '', true)
#1 /var/www/php/vendor/laravel/framework/src/Illuminate/Container/Container.php(873): Illuminate\\View\\ViewServiceProvider->Illuminate\\View\\{closure}(Object(Illuminate\\Foundation\\Application), Array)
#2 /var/www/php/vendor/laravel/framework/src/Illuminate/Container/Container.php(758): Illuminate\\Container\\Container->build(Object(Closure))
#3 /var/www/php/vendor/laravel/framework/src/Illuminate/Foundation/Application.php(855): Illuminate\\Container\\Container->resolve('blade.compiler', Array, true)
#4 /var/www/php/vendor/laravel/framework/src/Illuminate/Container/Container.php(694): Illuminate\\Foundation\\Application->resolve('blade.compiler', Array)
#5 /var/www/php/vendor/laravel/framework/src/Illuminate/Foundation/Application.php(840): Illuminate\\Container\\Container->make('blade.compiler', Array)
#6 /var/www/php/vendor/laravel/framework/src/Illuminate/Container/Container.php(1417): Illuminate\\Foundation\\Application->make('blade.compiler')
#7 /var/www/php/vendor/laravel/framework/src/Illuminate/Support/Facades/Facade.php(222): Illuminate\\Container\\Container->offsetGet('blade.compiler')
#8 /var/www/php/vendor/laravel/framework/src/Illuminate/Support/Facades/Facade.php(193): Illuminate\\Support\\Facades\\Facade::resolveFacadeInstance('blade.compiler')
#9 /var/www/php/vendor/laravel/framework/src/Illuminate/Support/Facades/Facade.php(331): Illuminate\\Support\\Facades\\Facade::getFacadeRoot()
#10 /var/www/php/vendor/spatie/laravel-ray/src/RayServiceProvider.php(232): Illuminate\\Support\\Facades\\Facade::__callStatic('directive', Array)
#11 /var/www/php/vendor/spatie/laravel-ray/src/RayServiceProvider.php(49): Spatie\\LaravelRay\\RayServiceProvider->registerBladeDirectives()
#12 /var/www/php/vendor/laravel/framework/src/Illuminate/Foundation/Application.php(686): Spatie\\LaravelRay\\RayServiceProvider->register()
#13 /var/www/php/vendor/laravel/framework/src/Illuminate/Foundation/ProviderRepository.php(75): Illuminate\\Foundation\\Application->register(Object(Spatie\\LaravelRay\\RayServiceProvider))
#14 /var/www/php/vendor/laravel/framework/src/Illuminate/Foundation/Application.php(663): Illuminate\\Foundation\\ProviderRepository->load(Array)
#15 /var/www/php/vendor/laravel/framework/src/Illuminate/Foundation/Bootstrap/RegisterProviders.php(17): Illuminate\\Foundation\\Application->registerConfiguredProviders()
#16 /var/www/php/vendor/laravel/framework/src/Illuminate/Foundation/Application.php(239): Illuminate\\Foundation\\Bootstrap\\RegisterProviders->bootstrap(Object(Illuminate\\Foundation\\Application))
#17 /var/www/php/vendor/laravel/framework/src/Illuminate/Foundation/Console/Kernel.php(310): Illuminate\\Foundation\\Application->bootstrapWith(Array)
#18 /var/www/php/vendor/laravel/framework/src/Illuminate/Foundation/Console/Kernel.php(127): Illuminate\\Foundation\\Console\\Kernel->bootstrap()
#19 /var/www/php/artisan(37): Illuminate\\Foundation\\Console\\Kernel->handle(Object(Symfony\\Component\\Console\\Input\\ArgvInput), Object(Symfony\\Component\\Console\\Output\\ConsoleOutput))
#20 {main}
"} 
[2022-04-28 09:14:04] local.ERROR: Please provide a valid cache path. {"exception":"[object] (InvalidArgumentException(code: 0): Please provide a valid cache path. at /var/www/php/vendor/laravel/framework/src/Illuminate/View/Compilers/Compiler.php:53)
[stacktrace]
#0 /var/www/php/vendor/laravel/framework/src/Illuminate/View/ViewServiceProvider.php(92): Illuminate\\View\\Compilers\\Compiler->__construct(Object(Illuminate\\Filesystem\\Filesystem), false, '', true)
#1 /var/www/php/vendor/laravel/framework/src/Illuminate/Container/Container.php(873): Illuminate\\View\\ViewServiceProvider->Illuminate\\View\\{closure}(Object(Illuminate\\Foundation\\Application), Array)
#2 /var/www/php/vendor/laravel/framework/src/Illuminate/Container/Container.php(758): Illuminate\\Container\\Container->build(Object(Closure))
#3 /var/www/php/vendor/laravel/framework/src/Illuminate/Foundation/Application.php(855): Illuminate\\Container\\Container->resolve('blade.compiler', Array, true)
#4 /var/www/php/vendor/laravel/framework/src/Illuminate/Container/Container.php(694): Illuminate\\Foundation\\Application->resolve('blade.compiler', Array)
#5 /var/www/php/vendor/laravel/framework/src/Illuminate/Foundation/Application.php(840): Illuminate\\Container\\Container->make('blade.compiler', Array)
#6 /var/www/php/vendor/laravel/framework/src/Illuminate/Container/Container.php(1417): Illuminate\\Foundation\\Application->make('blade.compiler')
#7 /var/www/php/vendor/laravel/framework/src/Illuminate/Support/Facades/Facade.php(222): Illuminate\\Container\\Container->offsetGet('blade.compiler')
#8 /var/www/php/vendor/laravel/framework/src/Illuminate/Support/Facades/Facade.php(193): Illuminate\\Support\\Facades\\Facade::resolveFacadeInstance('blade.compiler')
#9 /var/www/php/vendor/laravel/framework/src/Illuminate/Support/Facades/Facade.php(331): Illuminate\\Support\\Facades\\Facade::getFacadeRoot()
#10 /var/www/php/vendor/spatie/laravel-ray/src/RayServiceProvider.php(232): Illuminate\\Support\\Facades\\Facade::__callStatic('directive', Array)
#11 /var/www/php/vendor/spatie/laravel-ray/src/RayServiceProvider.php(49): Spatie\\LaravelRay\\RayServiceProvider->registerBladeDirectives()
#12 /var/www/php/vendor/laravel/framework/src/Illuminate/Foundation/Application.php(686): Spatie\\LaravelRay\\RayServiceProvider->register()
#13 /var/www/php/vendor/laravel/framework/src/Illuminate/Foundation/ProviderRepository.php(75): Illuminate\\Foundation\\Application->register(Object(Spatie\\LaravelRay\\RayServiceProvider))
#14 /var/www/php/vendor/laravel/framework/src/Illuminate/Foundation/Application.php(663): Illuminate\\Foundation\\ProviderRepository->load(Array)
#15 /var/www/php/vendor/laravel/framework/src/Illuminate/Foundation/Bootstrap/RegisterProviders.php(17): Illuminate\\Foundation\\Application->registerConfiguredProviders()
#16 /var/www/php/vendor/laravel/framework/src/Illuminate/Foundation/Application.php(239): Illuminate\\Foundation\\Bootstrap\\RegisterProviders->bootstrap(Object(Illuminate\\Foundation\\Application))
#17 /var/www/php/vendor/laravel/framework/src/Illuminate/Foundation/Console/Kernel.php(310): Illuminate\\Foundation\\Application->bootstrapWith(Array)
#18 /var/www/php/vendor/laravel/framework/src/Illuminate/Foundation/Console/Kernel.php(127): Illuminate\\Foundation\\Console\\Kernel->bootstrap()
#19 /var/www/php/artisan(37): Illuminate\\Foundation\\Console\\Kernel->handle(Object(Symfony\\Component\\Console\\Input\\ArgvInput), Object(Symfony\\Component\\Console\\Output\\ConsoleOutput))
#20 {main}
"} 
[2022-04-28 09:15:04] local.ERROR: Please provide a valid cache path. {"exception":"[object] (InvalidArgumentException(code: 0): Please provide a valid cache path. at /var/www/php/vendor/laravel/framework/src/Illuminate/View/Compilers/Compiler.php:53)
[stacktrace]
#0 /var/www/php/vendor/laravel/framework/src/Illuminate/View/ViewServiceProvider.php(92): Illuminate\\View\\Compilers\\Compiler->__construct(Object(Illuminate\\Filesystem\\Filesystem), false, '', true)
#1 /var/www/php/vendor/laravel/framework/src/Illuminate/Container/Container.php(873): Illuminate\\View\\ViewServiceProvider->Illuminate\\View\\{closure}(Object(Illuminate\\Foundation\\Application), Array)
#2 /var/www/php/vendor/laravel/framework/src/Illuminate/Container/Container.php(758): Illuminate\\Container\\Container->build(Object(Closure))
#3 /var/www/php/vendor/laravel/framework/src/Illuminate/Foundation/Application.php(855): Illuminate\\Container\\Container->resolve('blade.compiler', Array, true)
#4 /var/www/php/vendor/laravel/framework/src/Illuminate/Container/Container.php(694): Illuminate\\Foundation\\Application->resolve('blade.compiler', Array)
#5 /var/www/php/vendor/laravel/framework/src/Illuminate/Foundation/Application.php(840): Illuminate\\Container\\Container->make('blade.compiler', Array)
#6 /var/www/php/vendor/laravel/framework/src/Illuminate/Container/Container.php(1417): Illuminate\\Foundation\\Application->make('blade.compiler')
#7 /var/www/php/vendor/laravel/framework/src/Illuminate/Support/Facades/Facade.php(222): Illuminate\\Container\\Container->offsetGet('blade.compiler')
#8 /var/www/php/vendor/laravel/framework/src/Illuminate/Support/Facades/Facade.php(193): Illuminate\\Support\\Facades\\Facade::resolveFacadeInstance('blade.compiler')
#9 /var/www/php/vendor/laravel/framework/src/Illuminate/Support/Facades/Facade.php(331): Illuminate\\Support\\Facades\\Facade::getFacadeRoot()
#10 /var/www/php/vendor/spatie/laravel-ray/src/RayServiceProvider.php(232): Illuminate\\Support\\Facades\\Facade::__callStatic('directive', Array)
#11 /var/www/php/vendor/spatie/laravel-ray/src/RayServiceProvider.php(49): Spatie\\LaravelRay\\RayServiceProvider->registerBladeDirectives()
#12 /var/www/php/vendor/laravel/framework/src/Illuminate/Foundation/Application.php(686): Spatie\\LaravelRay\\RayServiceProvider->register()
#13 /var/www/php/vendor/laravel/framework/src/Illuminate/Foundation/ProviderRepository.php(75): Illuminate\\Foundation\\Application->register(Object(Spatie\\LaravelRay\\RayServiceProvider))
#14 /var/www/php/vendor/laravel/framework/src/Illuminate/Foundation/Application.php(663): Illuminate\\Foundation\\ProviderRepository->load(Array)
#15 /var/www/php/vendor/laravel/framework/src/Illuminate/Foundation/Bootstrap/RegisterProviders.php(17): Illuminate\\Foundation\\Application->registerConfiguredProviders()
#16 /var/www/php/vendor/laravel/framework/src/Illuminate/Foundation/Application.php(239): Illuminate\\Foundation\\Bootstrap\\RegisterProviders->bootstrap(Object(Illuminate\\Foundation\\Application))
#17 /var/www/php/vendor/laravel/framework/src/Illuminate/Foundation/Console/Kernel.php(310): Illuminate\\Foundation\\Application->bootstrapWith(Array)
#18 /var/www/php/vendor/laravel/framework/src/Illuminate/Foundation/Console/Kernel.php(127): Illuminate\\Foundation\\Console\\Kernel->bootstrap()
#19 /var/www/php/artisan(37): Illuminate\\Foundation\\Console\\Kernel->handle(Object(Symfony\\Component\\Console\\Input\\ArgvInput), Object(Symfony\\Component\\Console\\Output\\ConsoleOutput))
#20 {main}
"} 
[2022-04-28 09:15:05] local.ERROR: Please provide a valid cache path. {"exception":"[object] (InvalidArgumentException(code: 0): Please provide a valid cache path. at /var/www/php/vendor/laravel/framework/src/Illuminate/View/Compilers/Compiler.php:53)
[stacktrace]
#0 /var/www/php/vendor/laravel/framework/src/Illuminate/View/ViewServiceProvider.php(92): Illuminate\\View\\Compilers\\Compiler->__construct(Object(Illuminate\\Filesystem\\Filesystem), false, '', true)
#1 /var/www/php/vendor/laravel/framework/src/Illuminate/Container/Container.php(873): Illuminate\\View\\ViewServiceProvider->Illuminate\\View\\{closure}(Object(Illuminate\\Foundation\\Application), Array)
#2 /var/www/php/vendor/laravel/framework/src/Illuminate/Container/Container.php(758): Illuminate\\Container\\Container->build(Object(Closure))
#3 /var/www/php/vendor/laravel/framework/src/Illuminate/Foundation/Application.php(855): Illuminate\\Container\\Container->resolve('blade.compiler', Array, true)
#4 /var/www/php/vendor/laravel/framework/src/Illuminate/Container/Container.php(694): Illuminate\\Foundation\\Application->resolve('blade.compiler', Array)
#5 /var/www/php/vendor/laravel/framework/src/Illuminate/Foundation/Application.php(840): Illuminate\\Container\\Container->make('blade.compiler', Array)
#6 /var/www/php/vendor/laravel/framework/src/Illuminate/Container/Container.php(1417): Illuminate\\Foundation\\Application->make('blade.compiler')
#7 /var/www/php/vendor/laravel/framework/src/Illuminate/Support/Facades/Facade.php(222): Illuminate\\Container\\Container->offsetGet('blade.compiler')
#8 /var/www/php/vendor/laravel/framework/src/Illuminate/Support/Facades/Facade.php(193): Illuminate\\Support\\Facades\\Facade::resolveFacadeInstance('blade.compiler')
#9 /var/www/php/vendor/laravel/framework/src/Illuminate/Support/Facades/Facade.php(331): Illuminate\\Support\\Facades\\Facade::getFacadeRoot()
#10 /var/www/php/vendor/spatie/laravel-ray/src/RayServiceProvider.php(232): Illuminate\\Support\\Facades\\Facade::__callStatic('directive', Array)
#11 /var/www/php/vendor/spatie/laravel-ray/src/RayServiceProvider.php(49): Spatie\\LaravelRay\\RayServiceProvider->registerBladeDirectives()
#12 /var/www/php/vendor/laravel/framework/src/Illuminate/Foundation/Application.php(686): Spatie\\LaravelRay\\RayServiceProvider->register()
#13 /var/www/php/vendor/laravel/framework/src/Illuminate/Foundation/ProviderRepository.php(75): Illuminate\\Foundation\\Application->register(Object(Spatie\\LaravelRay\\RayServiceProvider))
#14 /var/www/php/vendor/laravel/framework/src/Illuminate/Foundation/Application.php(663): Illuminate\\Foundation\\ProviderRepository->load(Array)
#15 /var/www/php/vendor/laravel/framework/src/Illuminate/Foundation/Bootstrap/RegisterProviders.php(17): Illuminate\\Foundation\\Application->registerConfiguredProviders()
#16 /var/www/php/vendor/laravel/framework/src/Illuminate/Foundation/Application.php(239): Illuminate\\Foundation\\Bootstrap\\RegisterProviders->bootstrap(Object(Illuminate\\Foundation\\Application))
#17 /var/www/php/vendor/laravel/framework/src/Illuminate/Foundation/Console/Kernel.php(310): Illuminate\\Foundation\\Application->bootstrapWith(Array)
#18 /var/www/php/vendor/laravel/framework/src/Illuminate/Foundation/Console/Kernel.php(127): Illuminate\\Foundation\\Console\\Kernel->bootstrap()
#19 /var/www/php/artisan(37): Illuminate\\Foundation\\Console\\Kernel->handle(Object(Symfony\\Component\\Console\\Input\\ArgvInput), Object(Symfony\\Component\\Console\\Output\\ConsoleOutput))
#20 {main}
"} 
[2022-04-28 09:16:04] local.ERROR: Please provide a valid cache path. {"exception":"[object] (InvalidArgumentException(code: 0): Please provide a valid cache path. at /var/www/php/vendor/laravel/framework/src/Illuminate/View/Compilers/Compiler.php:53)
[stacktrace]
#0 /var/www/php/vendor/laravel/framework/src/Illuminate/View/ViewServiceProvider.php(92): Illuminate\\View\\Compilers\\Compiler->__construct(Object(Illuminate\\Filesystem\\Filesystem), false, '', true)
#1 /var/www/php/vendor/laravel/framework/src/Illuminate/Container/Container.php(873): Illuminate\\View\\ViewServiceProvider->Illuminate\\View\\{closure}(Object(Illuminate\\Foundation\\Application), Array)
#2 /var/www/php/vendor/laravel/framework/src/Illuminate/Container/Container.php(758): Illuminate\\Container\\Container->build(Object(Closure))
#3 /var/www/php/vendor/laravel/framework/src/Illuminate/Foundation/Application.php(855): Illuminate\\Container\\Container->resolve('blade.compiler', Array, true)
#4 /var/www/php/vendor/laravel/framework/src/Illuminate/Container/Container.php(694): Illuminate\\Foundation\\Application->resolve('blade.compiler', Array)
#5 /var/www/php/vendor/laravel/framework/src/Illuminate/Foundation/Application.php(840): Illuminate\\Container\\Container->make('blade.compiler', Array)
#6 /var/www/php/vendor/laravel/framework/src/Illuminate/Container/Container.php(1417): Illuminate\\Foundation\\Application->make('blade.compiler')
#7 /var/www/php/vendor/laravel/framework/src/Illuminate/Support/Facades/Facade.php(222): Illuminate\\Container\\Container->offsetGet('blade.compiler')
#8 /var/www/php/vendor/laravel/framework/src/Illuminate/Support/Facades/Facade.php(193): Illuminate\\Support\\Facades\\Facade::resolveFacadeInstance('blade.compiler')
#9 /var/www/php/vendor/laravel/framework/src/Illuminate/Support/Facades/Facade.php(331): Illuminate\\Support\\Facades\\Facade::getFacadeRoot()
#10 /var/www/php/vendor/spatie/laravel-ray/src/RayServiceProvider.php(232): Illuminate\\Support\\Facades\\Facade::__callStatic('directive', Array)
#11 /var/www/php/vendor/spatie/laravel-ray/src/RayServiceProvider.php(49): Spatie\\LaravelRay\\RayServiceProvider->registerBladeDirectives()
#12 /var/www/php/vendor/laravel/framework/src/Illuminate/Foundation/Application.php(686): Spatie\\LaravelRay\\RayServiceProvider->register()
#13 /var/www/php/vendor/laravel/framework/src/Illuminate/Foundation/ProviderRepository.php(75): Illuminate\\Foundation\\Application->register(Object(Spatie\\LaravelRay\\RayServiceProvider))
#14 /var/www/php/vendor/laravel/framework/src/Illuminate/Foundation/Application.php(663): Illuminate\\Foundation\\ProviderRepository->load(Array)
#15 /var/www/php/vendor/laravel/framework/src/Illuminate/Foundation/Bootstrap/RegisterProviders.php(17): Illuminate\\Foundation\\Application->registerConfiguredProviders()
#16 /var/www/php/vendor/laravel/framework/src/Illuminate/Foundation/Application.php(239): Illuminate\\Foundation\\Bootstrap\\RegisterProviders->bootstrap(Object(Illuminate\\Foundation\\Application))
#17 /var/www/php/vendor/laravel/framework/src/Illuminate/Foundation/Console/Kernel.php(310): Illuminate\\Foundation\\Application->bootstrapWith(Array)
#18 /var/www/php/vendor/laravel/framework/src/Illuminate/Foundation/Console/Kernel.php(127): Illuminate\\Foundation\\Console\\Kernel->bootstrap()
#19 /var/www/php/artisan(37): Illuminate\\Foundation\\Console\\Kernel->handle(Object(Symfony\\Component\\Console\\Input\\ArgvInput), Object(Symfony\\Component\\Console\\Output\\ConsoleOutput))
#20 {main}
"} 
[2022-04-28 09:16:05] local.ERROR: Please provide a valid cache path. {"exception":"[object] (InvalidArgumentException(code: 0): Please provide a valid cache path. at /var/www/php/vendor/laravel/framework/src/Illuminate/View/Compilers/Compiler.php:53)
[stacktrace]
#0 /var/www/php/vendor/laravel/framework/src/Illuminate/View/ViewServiceProvider.php(92): Illuminate\\View\\Compilers\\Compiler->__construct(Object(Illuminate\\Filesystem\\Filesystem), false, '', true)
#1 /var/www/php/vendor/laravel/framework/src/Illuminate/Container/Container.php(873): Illuminate\\View\\ViewServiceProvider->Illuminate\\View\\{closure}(Object(Illuminate\\Foundation\\Application), Array)
#2 /var/www/php/vendor/laravel/framework/src/Illuminate/Container/Container.php(758): Illuminate\\Container\\Container->build(Object(Closure))
#3 /var/www/php/vendor/laravel/framework/src/Illuminate/Foundation/Application.php(855): Illuminate\\Container\\Container->resolve('blade.compiler', Array, true)
#4 /var/www/php/vendor/laravel/framework/src/Illuminate/Container/Container.php(694): Illuminate\\Foundation\\Application->resolve('blade.compiler', Array)
#5 /var/www/php/vendor/laravel/framework/src/Illuminate/Foundation/Application.php(840): Illuminate\\Container\\Container->make('blade.compiler', Array)
#6 /var/www/php/vendor/laravel/framework/src/Illuminate/Container/Container.php(1417): Illuminate\\Foundation\\Application->make('blade.compiler')
#7 /var/www/php/vendor/laravel/framework/src/Illuminate/Support/Facades/Facade.php(222): Illuminate\\Container\\Container->offsetGet('blade.compiler')
#8 /var/www/php/vendor/laravel/framework/src/Illuminate/Support/Facades/Facade.php(193): Illuminate\\Support\\Facades\\Facade::resolveFacadeInstance('blade.compiler')
#9 /var/www/php/vendor/laravel/framework/src/Illuminate/Support/Facades/Facade.php(331): Illuminate\\Support\\Facades\\Facade::getFacadeRoot()
#10 /var/www/php/vendor/spatie/laravel-ray/src/RayServiceProvider.php(232): Illuminate\\Support\\Facades\\Facade::__callStatic('directive', Array)
#11 /var/www/php/vendor/spatie/laravel-ray/src/RayServiceProvider.php(49): Spatie\\LaravelRay\\RayServiceProvider->registerBladeDirectives()
#12 /var/www/php/vendor/laravel/framework/src/Illuminate/Foundation/Application.php(686): Spatie\\LaravelRay\\RayServiceProvider->register()
#13 /var/www/php/vendor/laravel/framework/src/Illuminate/Foundation/ProviderRepository.php(75): Illuminate\\Foundation\\Application->register(Object(Spatie\\LaravelRay\\RayServiceProvider))
#14 /var/www/php/vendor/laravel/framework/src/Illuminate/Foundation/Application.php(663): Illuminate\\Foundation\\ProviderRepository->load(Array)
#15 /var/www/php/vendor/laravel/framework/src/Illuminate/Foundation/Bootstrap/RegisterProviders.php(17): Illuminate\\Foundation\\Application->registerConfiguredProviders()
#16 /var/www/php/vendor/laravel/framework/src/Illuminate/Foundation/Application.php(239): Illuminate\\Foundation\\Bootstrap\\RegisterProviders->bootstrap(Object(Illuminate\\Foundation\\Application))
#17 /var/www/php/vendor/laravel/framework/src/Illuminate/Foundation/Console/Kernel.php(310): Illuminate\\Foundation\\Application->bootstrapWith(Array)
#18 /var/www/php/vendor/laravel/framework/src/Illuminate/Foundation/Console/Kernel.php(127): Illuminate\\Foundation\\Console\\Kernel->bootstrap()
#19 /var/www/php/artisan(37): Illuminate\\Foundation\\Console\\Kernel->handle(Object(Symfony\\Component\\Console\\Input\\ArgvInput), Object(Symfony\\Component\\Console\\Output\\ConsoleOutput))
#20 {main}
"} 
